# JRE version: Java(TM) SE Runtime Environment (14.0.2+12) (build 14.0.2+12-46)
# Java VM: Java HotSpot(TM) 64-Bit Server VM (14.0.2+12-46, mixed mode, sharing, tiered, compressed oops, g1 gc, windows-amd64)
Heap:
 garbage-first heap   total 262144K, used 42240K [0x00000000e0000000, 0x0000000100000000)
  region size 1024K, 28 young (28672K), 3 survivors (3072K)
 Metaspace       used 26359K, capacity 27071K, committed 27184K, reserved 278528K
  class space    used 3698K, capacity 3963K, committed 3968K, reserved 253952K
GC Heap History (12 events):
Event: 0.430 GC heap before
{Heap before GC invocations=0 (full 0):
 garbage-first heap   total 262144K, used 17408K [0x00000000e0000000, 0x0000000100000000)
  region size 1024K, 12 young (12288K), 0 survivors (0K)
 Metaspace       used 1379K, capacity 5019K, committed 5120K, reserved 262144K
  class space    used 134K, capacity 480K, committed 512K, reserved 253952K
}
Event: 0.442 GC heap after
{Heap after GC invocations=1 (full 0):
 garbage-first heap   total 262144K, used 8093K [0x00000000e0000000, 0x0000000100000000)
  region size 1024K, 2 young (2048K), 2 survivors (2048K)
 Metaspace       used 1379K, capacity 5019K, committed 5120K, reserved 262144K
  class space    used 134K, capacity 480K, committed 512K, reserved 253952K
}
Event: 0.702 GC heap before
{Heap before GC invocations=1 (full 0):
 garbage-first heap   total 262144K, used 18333K [0x00000000e0000000, 0x0000000100000000)
  region size 1024K, 12 young (12288K), 2 survivors (2048K)
 Metaspace       used 3492K, capacity 6410K, committed 6656K, reserved 262144K
  class space    used 452K, capacity 754K, committed 768K, reserved 253952K
}
Event: 0.704 GC heap after
{Heap after GC invocations=2 (full 0):
 garbage-first heap   total 262144K, used 8815K [0x00000000e0000000, 0x0000000100000000)
  region size 1024K, 1 young (1024K), 1 survivors (1024K)
 Metaspace       used 3492K, capacity 6410K, committed 6656K, reserved 262144K
  class space    used 452K, capacity 754K, committed 768K, reserved 253952K
}
Event: 0.925 GC heap before
{Heap before GC invocations=2 (full 0):
 garbage-first heap   total 262144K, used 22127K [0x00000000e0000000, 0x0000000100000000)
  region size 1024K, 14 young (14336K), 1 survivors (1024K)
 Metaspace       used 3971K, capacity 6627K, committed 6656K, reserved 262144K
  class space    used 498K, capacity 762K, committed 768K, reserved 253952K
}
Event: 0.927 GC heap after
{Heap after GC invocations=3 (full 0):
 garbage-first heap   total 262144K, used 9091K [0x00000000e0000000, 0x0000000100000000)
  region size 1024K, 1 young (1024K), 1 survivors (1024K)
 Metaspace       used 3971K, capacity 6627K, committed 6656K, reserved 262144K
  class space    used 498K, capacity 762K, committed 768K, reserved 253952K
}
Event: 1.820 GC heap before
{Heap before GC invocations=3 (full 0):
 garbage-first heap   total 262144K, used 75651K [0x00000000e0000000, 0x0000000100000000)
  region size 1024K, 65 young (66560K), 1 survivors (1024K)
 Metaspace       used 12547K, capacity 12958K, committed 13184K, reserved 266240K
  class space    used 1703K, capacity 1824K, committed 1920K, reserved 253952K
}
Event: 1.829 GC heap after
{Heap after GC invocations=4 (full 0):
 garbage-first heap   total 262144K, used 16253K [0x00000000e0000000, 0x0000000100000000)
  region size 1024K, 8 young (8192K), 8 survivors (8192K)
 Metaspace       used 12547K, capacity 12958K, committed 13184K, reserved 266240K
  class space    used 1703K, capacity 1824K, committed 1920K, reserved 253952K
}
Event: 2.666 GC heap before
{Heap before GC invocations=4 (full 0):
 garbage-first heap   total 262144K, used 69501K [0x00000000e0000000, 0x0000000100000000)
  region size 1024K, 60 young (61440K), 8 survivors (8192K)
 Metaspace       used 19064K, capacity 19676K, committed 19968K, reserved 272384K
  class space    used 2752K, capacity 2967K, committed 3072K, reserved 253952K
}
Event: 2.676 GC heap after
{Heap after GC invocations=5 (full 0):
 garbage-first heap   total 262144K, used 18315K [0x00000000e0000000, 0x0000000100000000)
  region size 1024K, 3 young (3072K), 3 survivors (3072K)
 Metaspace       used 19064K, capacity 19676K, committed 19968K, reserved 272384K
  class space    used 2752K, capacity 2967K, committed 3072K, reserved 253952K
}
Event: 2.846 GC heap before
{Heap before GC invocations=5 (full 0):
 garbage-first heap   total 262144K, used 32651K [0x00000000e0000000, 0x0000000100000000)
  region size 1024K, 18 young (18432K), 3 survivors (3072K)
 Metaspace       used 20633K, capacity 21209K, committed 21296K, reserved 272384K
  class space    used 2996K, capacity 3178K, committed 3200K, reserved 253952K
}
Event: 2.849 GC heap after
{Heap after GC invocations=6 (full 0):
 garbage-first heap   total 262144K, used 18688K [0x00000000e0000000, 0x0000000100000000)
  region size 1024K, 3 young (3072K), 3 survivors (3072K)
 Metaspace       used 20633K, capacity 21209K, committed 21296K, reserved 272384K
  class space    used 2996K, capacity 3178K, committed 3200K, reserved 253952K
}

