# JRE version: Java(TM) SE Runtime Environment (14.0.2+12) (build 14.0.2+12-46)
# Java VM: Java HotSpot(TM) 64-Bit Server VM (14.0.2+12-46, mixed mode, sharing, tiered, compressed oops, g1 gc, windows-amd64)
Heap:
 garbage-first heap   total 262144K, used 59559K [0x00000000e0000000, 0x0000000100000000)
  region size 1024K, 42 young (43008K), 3 survivors (3072K)
 Metaspace       used 28402K, capacity 29105K, committed 29232K, reserved 280576K
  class space    used 3853K, capacity 4105K, committed 4224K, reserved 253952K
GC Heap History (12 events):
Event: 0.561 GC heap before
{Heap before GC invocations=0 (full 0):
 garbage-first heap   total 262144K, used 17408K [0x00000000e0000000, 0x0000000100000000)
  region size 1024K, 12 young (12288K), 0 survivors (0K)
 Metaspace       used 1366K, capacity 5019K, committed 5120K, reserved 262144K
  class space    used 134K, capacity 480K, committed 512K, reserved 253952K
}
Event: 0.569 GC heap after
{Heap after GC invocations=1 (full 0):
 garbage-first heap   total 262144K, used 8099K [0x00000000e0000000, 0x0000000100000000)
  region size 1024K, 2 young (2048K), 2 survivors (2048K)
 Metaspace       used 1366K, capacity 5019K, committed 5120K, reserved 262144K
  class space    used 134K, capacity 480K, committed 512K, reserved 253952K
}
Event: 0.781 GC heap before
{Heap before GC invocations=1 (full 0):
 garbage-first heap   total 262144K, used 18339K [0x00000000e0000000, 0x0000000100000000)
  region size 1024K, 12 young (12288K), 2 survivors (2048K)
 Metaspace       used 3497K, capacity 6410K, committed 6656K, reserved 262144K
  class space    used 451K, capacity 754K, committed 768K, reserved 253952K
}
Event: 0.783 GC heap after
{Heap after GC invocations=2 (full 0):
 garbage-first heap   total 262144K, used 8837K [0x00000000e0000000, 0x0000000100000000)
  region size 1024K, 1 young (1024K), 1 survivors (1024K)
 Metaspace       used 3497K, capacity 6410K, committed 6656K, reserved 262144K
  class space    used 451K, capacity 754K, committed 768K, reserved 253952K
}
Event: 0.942 GC heap before
{Heap before GC invocations=2 (full 0):
 garbage-first heap   total 262144K, used 22149K [0x00000000e0000000, 0x0000000100000000)
  region size 1024K, 14 young (14336K), 1 survivors (1024K)
 Metaspace       used 3945K, capacity 6659K, committed 6784K, reserved 262144K
  class space    used 500K, capacity 794K, committed 896K, reserved 253952K
}
Event: 0.943 GC heap after
{Heap after GC invocations=3 (full 0):
 garbage-first heap   total 262144K, used 9104K [0x00000000e0000000, 0x0000000100000000)
  region size 1024K, 1 young (1024K), 1 survivors (1024K)
 Metaspace       used 3945K, capacity 6659K, committed 6784K, reserved 262144K
  class space    used 500K, capacity 794K, committed 896K, reserved 253952K
}
Event: 1.780 GC heap before
{Heap before GC invocations=3 (full 0):
 garbage-first heap   total 262144K, used 74640K [0x00000000e0000000, 0x0000000100000000)
  region size 1024K, 65 young (66560K), 1 survivors (1024K)
 Metaspace       used 12367K, capacity 12766K, committed 12928K, reserved 266240K
  class space    used 1677K, capacity 1824K, committed 1920K, reserved 253952K
}
Event: 1.788 GC heap after
{Heap after GC invocations=4 (full 0):
 garbage-first heap   total 262144K, used 15942K [0x00000000e0000000, 0x0000000100000000)
  region size 1024K, 8 young (8192K), 8 survivors (8192K)
 Metaspace       used 12367K, capacity 12766K, committed 12928K, reserved 266240K
  class space    used 1677K, capacity 1824K, committed 1920K, reserved 253952K
}
Event: 2.522 GC heap before
{Heap before GC invocations=4 (full 0):
 garbage-first heap   total 262144K, used 70214K [0x00000000e0000000, 0x0000000100000000)
  region size 1024K, 61 young (62464K), 8 survivors (8192K)
 Metaspace       used 19076K, capacity 19681K, committed 19968K, reserved 272384K
  class space    used 2756K, capacity 2969K, committed 3072K, reserved 253952K
}
Event: 2.532 GC heap after
{Heap after GC invocations=5 (full 0):
 garbage-first heap   total 262144K, used 18215K [0x00000000e0000000, 0x0000000100000000)
  region size 1024K, 3 young (3072K), 3 survivors (3072K)
 Metaspace       used 19076K, capacity 19681K, committed 19968K, reserved 272384K
  class space    used 2756K, capacity 2969K, committed 3072K, reserved 253952K
}
Event: 2.658 GC heap before
{Heap before GC invocations=5 (full 0):
 garbage-first heap   total 262144K, used 31527K [0x00000000e0000000, 0x0000000100000000)
  region size 1024K, 17 young (17408K), 3 survivors (3072K)
 Metaspace       used 20628K, capacity 21209K, committed 21296K, reserved 272384K
  class space    used 2995K, capacity 3178K, committed 3200K, reserved 253952K
}
Event: 2.661 GC heap after
{Heap after GC invocations=6 (full 0):
 garbage-first heap   total 262144K, used 18599K [0x00000000e0000000, 0x0000000100000000)
  region size 1024K, 3 young (3072K), 3 survivors (3072K)
 Metaspace       used 20628K, capacity 21209K, committed 21296K, reserved 272384K
  class space    used 2995K, capacity 3178K, committed 3200K, reserved 253952K
}

